<?xml version="1.0" encoding="UTF-8"?>
<!-- Generated by org.testng.reporters.JUnitReportReporter -->
<testsuite hostname="DESKTOP-MJ3QLK2" failures="0" tests="6" name="com.testng.NewTest01" time="0.032" errors="0" timestamp="2021-08-31T18:42:46 IST" skipped="0">
  <testcase classname="com.testng.NewTest01" name="f" time="0.003"/>
  <system-out/>
  <testcase classname="com.testng.NewTest01" name="f" time="0.002"/>
  <system-out/>
  <testcase classname="com.testng.NewTest01" name="f" time="0.015"/>
  <system-out/>
  <testcase classname="com.testng.NewTest01" name="f" time="0.004"/>
  <system-out/>
  <testcase classname="com.testng.NewTest01" name="g" time="0.005"/>
  <system-out/>
  <testcase classname="com.testng.NewTest01" name="f" time="0.003"/>
  <system-out/>
</testsuite> <!-- com.testng.NewTest01 -->
