<?xml version="1.0" encoding="UTF-8"?>
<!-- Generated by org.testng.reporters.JUnitReportReporter -->
<testsuite hostname="DESKTOP-MJ3QLK2" failures="0" tests="4" name="com.testng.NewTest" time="0.017" errors="0" timestamp="2021-08-31T18:29:20 IST" skipped="0">
  <testcase classname="com.testng.NewTest" name="f" time="0.002"/>
  <system-out/>
  <testcase classname="com.testng.NewTest" name="f" time="0.002"/>
  <system-out/>
  <testcase classname="com.testng.NewTest" name="g" time="0.002"/>
  <system-out/>
  <testcase classname="com.testng.NewTest" name="f" time="0.011"/>
  <system-out/>
</testsuite> <!-- com.testng.NewTest -->
