<?xml version="1.0" encoding="UTF-8"?>
<!-- Generated by org.testng.reporters.JUnitReportReporter -->
<testsuite hostname="DESKTOP-MJ3QLK2" failures="0" tests="1" name="com.test.NewTest" time="0.015" errors="0" timestamp="2021-08-31T18:00:37 IST" skipped="0">
  <testcase classname="com.test.NewTest" name="f" time="0.015"/>
  <system-out/>
</testsuite> <!-- com.test.NewTest -->
